2019-11-08 11:41:20,488 - Loaded System Directive: org.apache.velocity.runtime.directive.Parse
2019-11-08 11:41:20,490 - Loaded System Directive: org.apache.velocity.runtime.directive.Include
2019-11-08 11:41:20,492 - Loaded System Directive: org.apache.velocity.runtime.directive.Foreach
2019-11-08 11:41:20,580 - Created: 20 parsers.
2019-11-08 11:41:20,588 - Velocimacro : initialization starting.
2019-11-08 11:41:20,588 - Velocimacro : adding VMs from VM library template : VM_global_library.vm
2019-11-08 11:41:20,592 - ResourceManager : unable to find resource 'VM_global_library.vm' in any resource loader.
2019-11-08 11:41:20,592 - Velocimacro : error using  VM library template VM_global_library.vm : org.apache.velocity.exception.ResourceNotFoundException: Unable to find resource 'VM_global_library.vm'
2019-11-08 11:41:20,592 - Velocimacro :  VM library template macro registration complete.
2019-11-08 11:41:20,592 - Velocimacro : allowInline = true : VMs can be defined inline in templates
2019-11-08 11:41:20,592 - Velocimacro : allowInlineToOverride = false : VMs defined inline may NOT replace previous VM definitions
2019-11-08 11:41:20,592 - Velocimacro : allowInlineLocal = false : VMs defined inline will be  global in scope if allowed.
2019-11-08 11:41:20,592 - Velocimacro : messages on  : VM system will output logging messages
2019-11-08 11:41:20,592 - Velocimacro : autoload off  : VM system will not automatically reload global library macros
2019-11-08 11:41:20,592 - Velocimacro : initialization complete.
2019-11-08 11:41:20,592 - Velocity successfully started.
2019-11-08 15:02:11,621 - SimpleLog4JLogSystem initialized using logfile 'velocity.log'
2019-11-08 15:02:11,622 - ************************************************************** 
2019-11-08 15:02:11,622 - Starting Jakarta Velocity v1.4
2019-11-08 15:02:11,622 - RuntimeInstance initializing.
2019-11-08 15:02:11,622 - Default Properties File: org/apache/velocity/runtime/defaults/velocity.properties
2019-11-08 15:02:11,622 - Trying to use logger class org.apache.velocity.runtime.log.SimpleLog4JLogSystem
2019-11-08 15:02:11,622 - Using logger class org.apache.velocity.runtime.log.SimpleLog4JLogSystem
2019-11-08 15:02:11,623 - Default ResourceManager initializing. (class org.apache.velocity.runtime.resource.ResourceManagerImpl)
2019-11-08 15:02:11,624 - Resource Loader Instantiated: org.apache.velocity.runtime.resource.loader.ClasspathResourceLoader
2019-11-08 15:02:11,624 - ClasspathResourceLoader : initialization starting.
2019-11-08 15:02:11,624 - ClasspathResourceLoader : initialization complete.
2019-11-08 15:02:11,625 - ResourceCache : initialized. (class org.apache.velocity.runtime.resource.ResourceCacheImpl)
2019-11-08 15:02:11,625 - Default ResourceManager initialization complete.
2019-11-08 15:02:11,626 - Loaded System Directive: org.apache.velocity.runtime.directive.Literal
2019-11-08 15:02:11,627 - Loaded System Directive: org.apache.velocity.runtime.directive.Macro
2019-11-08 15:02:11,628 - Loaded System Directive: org.apache.velocity.runtime.directive.Parse
2019-11-08 15:02:11,629 - Loaded System Directive: org.apache.velocity.runtime.directive.Include
2019-11-08 15:02:11,629 - Loaded System Directive: org.apache.velocity.runtime.directive.Foreach
2019-11-08 15:02:11,648 - Created: 20 parsers.
2019-11-08 15:02:11,651 - Velocimacro : initialization starting.
2019-11-08 15:02:11,651 - Velocimacro : adding VMs from VM library template : VM_global_library.vm
2019-11-08 15:02:11,652 - ResourceManager : unable to find resource 'VM_global_library.vm' in any resource loader.
2019-11-08 15:02:11,652 - Velocimacro : error using  VM library template VM_global_library.vm : org.apache.velocity.exception.ResourceNotFoundException: Unable to find resource 'VM_global_library.vm'
2019-11-08 15:02:11,652 - Velocimacro :  VM library template macro registration complete.
2019-11-08 15:02:11,652 - Velocimacro : allowInline = true : VMs can be defined inline in templates
2019-11-08 15:02:11,652 - Velocimacro : allowInlineToOverride = false : VMs defined inline may NOT replace previous VM definitions
2019-11-08 15:02:11,652 - Velocimacro : allowInlineLocal = false : VMs defined inline will be  global in scope if allowed.
2019-11-08 15:02:11,652 - Velocimacro : messages on  : VM system will output logging messages
2019-11-08 15:02:11,652 - Velocimacro : autoload off  : VM system will not automatically reload global library macros
2019-11-08 15:02:11,652 - Velocimacro : initialization complete.
2019-11-08 15:02:11,652 - Velocity successfully started.
2019-11-08 15:03:27,017 - SimpleLog4JLogSystem initialized using logfile 'velocity.log'
2019-11-08 15:03:27,017 - ************************************************************** 
2019-11-08 15:03:27,017 - Starting Jakarta Velocity v1.4
2019-11-08 15:03:27,017 - RuntimeInstance initializing.
2019-11-08 15:03:27,017 - Default Properties File: org/apache/velocity/runtime/defaults/velocity.properties
2019-11-08 15:03:27,017 - Trying to use logger class org.apache.velocity.runtime.log.SimpleLog4JLogSystem
2019-11-08 15:03:27,017 - Using logger class org.apache.velocity.runtime.log.SimpleLog4JLogSystem
2019-11-08 15:03:27,018 - Default ResourceManager initializing. (class org.apache.velocity.runtime.resource.ResourceManagerImpl)
2019-11-08 15:03:27,019 - Resource Loader Instantiated: org.apache.velocity.runtime.resource.loader.ClasspathResourceLoader
2019-11-08 15:03:27,019 - ClasspathResourceLoader : initialization starting.
2019-11-08 15:03:27,019 - ClasspathResourceLoader : initialization complete.
2019-11-08 15:03:27,020 - ResourceCache : initialized. (class org.apache.velocity.runtime.resource.ResourceCacheImpl)
2019-11-08 15:03:27,020 - Default ResourceManager initialization complete.
2019-11-08 15:03:27,021 - Loaded System Directive: org.apache.velocity.runtime.directive.Literal
2019-11-08 15:03:27,022 - Loaded System Directive: org.apache.velocity.runtime.directive.Macro
2019-11-08 15:03:27,023 - Loaded System Directive: org.apache.velocity.runtime.directive.Parse
2019-11-08 15:03:27,024 - Loaded System Directive: org.apache.velocity.runtime.directive.Include
2019-11-08 15:03:27,024 - Loaded System Directive: org.apache.velocity.runtime.directive.Foreach
2019-11-08 15:03:27,040 - Created: 20 parsers.
2019-11-08 15:03:27,042 - Velocimacro : initialization starting.
2019-11-08 15:03:27,042 - Velocimacro : adding VMs from VM library template : VM_global_library.vm
2019-11-08 15:03:27,043 - ResourceManager : unable to find resource 'VM_global_library.vm' in any resource loader.
2019-11-08 15:03:27,043 - Velocimacro : error using  VM library template VM_global_library.vm : org.apache.velocity.exception.ResourceNotFoundException: Unable to find resource 'VM_global_library.vm'
2019-11-08 15:03:27,043 - Velocimacro :  VM library template macro registration complete.
2019-11-08 15:03:27,043 - Velocimacro : allowInline = true : VMs can be defined inline in templates
2019-11-08 15:03:27,043 - Velocimacro : allowInlineToOverride = false : VMs defined inline may NOT replace previous VM definitions
2019-11-08 15:03:27,043 - Velocimacro : allowInlineLocal = false : VMs defined inline will be  global in scope if allowed.
2019-11-08 15:03:27,043 - Velocimacro : messages on  : VM system will output logging messages
2019-11-08 15:03:27,043 - Velocimacro : autoload off  : VM system will not automatically reload global library macros
2019-11-08 15:03:27,043 - Velocimacro : initialization complete.
2019-11-08 15:03:27,043 - Velocity successfully started.
2019-11-08 15:03:47,237 - ResourceManager : found repast/simphony/parameter/parameters.vt with loader org.apache.velocity.runtime.resource.loader.ClasspathResourceLoader
2019-11-08 15:06:04,805 - SimpleLog4JLogSystem initialized using logfile 'velocity.log'
2019-11-08 15:06:04,805 - ************************************************************** 
2019-11-08 15:06:04,805 - Starting Jakarta Velocity v1.4
2019-11-08 15:06:04,805 - RuntimeInstance initializing.
2019-11-08 15:06:04,805 - Default Properties File: org/apache/velocity/runtime/defaults/velocity.properties
2019-11-08 15:06:04,805 - Trying to use logger class org.apache.velocity.runtime.log.SimpleLog4JLogSystem
2019-11-08 15:06:04,805 - Using logger class org.apache.velocity.runtime.log.SimpleLog4JLogSystem
2019-11-08 15:06:04,807 - Default ResourceManager initializing. (class org.apache.velocity.runtime.resource.ResourceManagerImpl)
2019-11-08 15:06:04,807 - Resource Loader Instantiated: org.apache.velocity.runtime.resource.loader.ClasspathResourceLoader
2019-11-08 15:06:04,807 - ClasspathResourceLoader : initialization starting.
2019-11-08 15:06:04,807 - ClasspathResourceLoader : initialization complete.
2019-11-08 15:06:04,808 - ResourceCache : initialized. (class org.apache.velocity.runtime.resource.ResourceCacheImpl)
2019-11-08 15:06:04,808 - Default ResourceManager initialization complete.
2019-11-08 15:06:04,809 - Loaded System Directive: org.apache.velocity.runtime.directive.Literal
2019-11-08 15:06:04,810 - Loaded System Directive: org.apache.velocity.runtime.directive.Macro
2019-11-08 15:06:04,812 - Loaded System Directive: org.apache.velocity.runtime.directive.Parse
2019-11-08 15:06:04,812 - Loaded System Directive: org.apache.velocity.runtime.directive.Include
2019-11-08 15:06:04,813 - Loaded System Directive: org.apache.velocity.runtime.directive.Foreach
2019-11-08 15:06:04,826 - Created: 20 parsers.
2019-11-08 15:06:04,830 - Velocimacro : initialization starting.
2019-11-08 15:06:04,830 - Velocimacro : adding VMs from VM library template : VM_global_library.vm
2019-11-08 15:06:04,831 - ResourceManager : unable to find resource 'VM_global_library.vm' in any resource loader.
2019-11-08 15:06:04,831 - Velocimacro : error using  VM library template VM_global_library.vm : org.apache.velocity.exception.ResourceNotFoundException: Unable to find resource 'VM_global_library.vm'
2019-11-08 15:06:04,831 - Velocimacro :  VM library template macro registration complete.
2019-11-08 15:06:04,831 - Velocimacro : allowInline = true : VMs can be defined inline in templates
2019-11-08 15:06:04,831 - Velocimacro : allowInlineToOverride = false : VMs defined inline may NOT replace previous VM definitions
2019-11-08 15:06:04,831 - Velocimacro : allowInlineLocal = false : VMs defined inline will be  global in scope if allowed.
2019-11-08 15:06:04,831 - Velocimacro : messages on  : VM system will output logging messages
2019-11-08 15:06:04,831 - Velocimacro : autoload off  : VM system will not automatically reload global library macros
2019-11-08 15:06:04,831 - Velocimacro : initialization complete.
2019-11-08 15:06:04,831 - Velocity successfully started.
2019-11-08 15:11:06,157 - SimpleLog4JLogSystem initialized using logfile 'velocity.log'
2019-11-08 15:11:06,157 - ************************************************************** 
2019-11-08 15:11:06,157 - Starting Jakarta Velocity v1.4
2019-11-08 15:11:06,157 - RuntimeInstance initializing.
2019-11-08 15:11:06,157 - Default Properties File: org/apache/velocity/runtime/defaults/velocity.properties
2019-11-08 15:11:06,157 - Trying to use logger class org.apache.velocity.runtime.log.SimpleLog4JLogSystem
2019-11-08 15:11:06,157 - Using logger class org.apache.velocity.runtime.log.SimpleLog4JLogSystem
2019-11-08 15:11:06,158 - Default ResourceManager initializing. (class org.apache.velocity.runtime.resource.ResourceManagerImpl)
2019-11-08 15:11:06,159 - Resource Loader Instantiated: org.apache.velocity.runtime.resource.loader.ClasspathResourceLoader
2019-11-08 15:11:06,159 - ClasspathResourceLoader : initialization starting.
2019-11-08 15:11:06,159 - ClasspathResourceLoader : initialization complete.
2019-11-08 15:11:06,160 - ResourceCache : initialized. (class org.apache.velocity.runtime.resource.ResourceCacheImpl)
2019-11-08 15:11:06,160 - Default ResourceManager initialization complete.
2019-11-08 15:11:06,160 - Loaded System Directive: org.apache.velocity.runtime.directive.Literal
2019-11-08 15:11:06,161 - Loaded System Directive: org.apache.velocity.runtime.directive.Macro
2019-11-08 15:11:06,162 - Loaded System Directive: org.apache.velocity.runtime.directive.Parse
2019-11-08 15:11:06,162 - Loaded System Directive: org.apache.velocity.runtime.directive.Include
2019-11-08 15:11:06,163 - Loaded System Directive: org.apache.velocity.runtime.directive.Foreach
2019-11-08 15:11:06,180 - Created: 20 parsers.
2019-11-08 15:11:06,183 - Velocimacro : initialization starting.
2019-11-08 15:11:06,185 - Velocimacro : adding VMs from VM library template : VM_global_library.vm
2019-11-08 15:11:06,186 - ResourceManager : unable to find resource 'VM_global_library.vm' in any resource loader.
2019-11-08 15:11:06,186 - Velocimacro : error using  VM library template VM_global_library.vm : org.apache.velocity.exception.ResourceNotFoundException: Unable to find resource 'VM_global_library.vm'
2019-11-08 15:11:06,187 - Velocimacro :  VM library template macro registration complete.
2019-11-08 15:11:06,187 - Velocimacro : allowInline = true : VMs can be defined inline in templates
2019-11-08 15:11:06,187 - Velocimacro : allowInlineToOverride = false : VMs defined inline may NOT replace previous VM definitions
2019-11-08 15:11:06,187 - Velocimacro : allowInlineLocal = false : VMs defined inline will be  global in scope if allowed.
2019-11-08 15:11:06,187 - Velocimacro : messages on  : VM system will output logging messages
2019-11-08 15:11:06,187 - Velocimacro : autoload off  : VM system will not automatically reload global library macros
2019-11-08 15:11:06,187 - Velocimacro : initialization complete.
2019-11-08 15:11:06,187 - Velocity successfully started.
2019-11-08 15:11:46,062 - ResourceManager : found repast/simphony/parameter/parameters.vt with loader org.apache.velocity.runtime.resource.loader.ClasspathResourceLoader
2019-11-08 15:14:13,903 - SimpleLog4JLogSystem initialized using logfile 'velocity.log'
2019-11-08 15:14:13,903 - ************************************************************** 
2019-11-08 15:14:13,903 - Starting Jakarta Velocity v1.4
2019-11-08 15:14:13,903 - RuntimeInstance initializing.
2019-11-08 15:14:13,903 - Default Properties File: org/apache/velocity/runtime/defaults/velocity.properties
2019-11-08 15:14:13,903 - Trying to use logger class org.apache.velocity.runtime.log.SimpleLog4JLogSystem
2019-11-08 15:14:13,903 - Using logger class org.apache.velocity.runtime.log.SimpleLog4JLogSystem
2019-11-08 15:14:13,904 - Default ResourceManager initializing. (class org.apache.velocity.runtime.resource.ResourceManagerImpl)
2019-11-08 15:14:13,905 - Resource Loader Instantiated: org.apache.velocity.runtime.resource.loader.ClasspathResourceLoader
2019-11-08 15:14:13,905 - ClasspathResourceLoader : initialization starting.
2019-11-08 15:14:13,905 - ClasspathResourceLoader : initialization complete.
2019-11-08 15:14:13,906 - ResourceCache : initialized. (class org.apache.velocity.runtime.resource.ResourceCacheImpl)
2019-11-08 15:14:13,906 - Default ResourceManager initialization complete.
2019-11-08 15:14:13,906 - Loaded System Directive: org.apache.velocity.runtime.directive.Literal
2019-11-08 15:14:13,907 - Loaded System Directive: org.apache.velocity.runtime.directive.Macro
2019-11-08 15:14:13,908 - Loaded System Directive: org.apache.velocity.runtime.directive.Parse
2019-11-08 15:14:13,909 - Loaded System Directive: org.apache.velocity.runtime.directive.Include
2019-11-08 15:14:13,909 - Loaded System Directive: org.apache.velocity.runtime.directive.Foreach
2019-11-08 15:14:13,922 - Created: 20 parsers.
2019-11-08 15:14:13,924 - Velocimacro : initialization starting.
2019-11-08 15:14:13,925 - Velocimacro : adding VMs from VM library template : VM_global_library.vm
2019-11-08 15:14:13,925 - ResourceManager : unable to find resource 'VM_global_library.vm' in any resource loader.
2019-11-08 15:14:13,926 - Velocimacro : error using  VM library template VM_global_library.vm : org.apache.velocity.exception.ResourceNotFoundException: Unable to find resource 'VM_global_library.vm'
2019-11-08 15:14:13,926 - Velocimacro :  VM library template macro registration complete.
2019-11-08 15:14:13,926 - Velocimacro : allowInline = true : VMs can be defined inline in templates
2019-11-08 15:14:13,926 - Velocimacro : allowInlineToOverride = false : VMs defined inline may NOT replace previous VM definitions
2019-11-08 15:14:13,926 - Velocimacro : allowInlineLocal = false : VMs defined inline will be  global in scope if allowed.
2019-11-08 15:14:13,926 - Velocimacro : messages on  : VM system will output logging messages
2019-11-08 15:14:13,926 - Velocimacro : autoload off  : VM system will not automatically reload global library macros
2019-11-08 15:14:13,926 - Velocimacro : initialization complete.
2019-11-08 15:14:13,926 - Velocity successfully started.
2019-11-08 15:15:44,125 - SimpleLog4JLogSystem initialized using logfile 'velocity.log'
2019-11-08 15:15:44,125 - ************************************************************** 
2019-11-08 15:15:44,125 - Starting Jakarta Velocity v1.4
2019-11-08 15:15:44,125 - RuntimeInstance initializing.
2019-11-08 15:15:44,125 - Default Properties File: org/apache/velocity/runtime/defaults/velocity.properties
2019-11-08 15:15:44,125 - Trying to use logger class org.apache.velocity.runtime.log.SimpleLog4JLogSystem
2019-11-08 15:15:44,125 - Using logger class org.apache.velocity.runtime.log.SimpleLog4JLogSystem
2019-11-08 15:15:44,126 - Default ResourceManager initializing. (class org.apache.velocity.runtime.resource.ResourceManagerImpl)
2019-11-08 15:15:44,127 - Resource Loader Instantiated: org.apache.velocity.runtime.resource.loader.ClasspathResourceLoader
2019-11-08 15:15:44,127 - ClasspathResourceLoader : initialization starting.
2019-11-08 15:15:44,127 - ClasspathResourceLoader : initialization complete.
2019-11-08 15:15:44,127 - ResourceCache : initialized. (class org.apache.velocity.runtime.resource.ResourceCacheImpl)
2019-11-08 15:15:44,127 - Default ResourceManager initialization complete.
2019-11-08 15:15:44,128 - Loaded System Directive: org.apache.velocity.runtime.directive.Literal
2019-11-08 15:15:44,129 - Loaded System Directive: org.apache.velocity.runtime.directive.Macro
2019-11-08 15:15:44,129 - Loaded System Directive: org.apache.velocity.runtime.directive.Parse
2019-11-08 15:15:44,130 - Loaded System Directive: org.apache.velocity.runtime.directive.Include
2019-11-08 15:15:44,131 - Loaded System Directive: org.apache.velocity.runtime.directive.Foreach
2019-11-08 15:15:44,143 - Created: 20 parsers.
2019-11-08 15:15:44,145 - Velocimacro : initialization starting.
2019-11-08 15:15:44,145 - Velocimacro : adding VMs from VM library template : VM_global_library.vm
2019-11-08 15:15:44,146 - ResourceManager : unable to find resource 'VM_global_library.vm' in any resource loader.
2019-11-08 15:15:44,146 - Velocimacro : error using  VM library template VM_global_library.vm : org.apache.velocity.exception.ResourceNotFoundException: Unable to find resource 'VM_global_library.vm'
2019-11-08 15:15:44,146 - Velocimacro :  VM library template macro registration complete.
2019-11-08 15:15:44,146 - Velocimacro : allowInline = true : VMs can be defined inline in templates
2019-11-08 15:15:44,146 - Velocimacro : allowInlineToOverride = false : VMs defined inline may NOT replace previous VM definitions
2019-11-08 15:15:44,147 - Velocimacro : allowInlineLocal = false : VMs defined inline will be  global in scope if allowed.
2019-11-08 15:15:44,147 - Velocimacro : messages on  : VM system will output logging messages
2019-11-08 15:15:44,147 - Velocimacro : autoload off  : VM system will not automatically reload global library macros
2019-11-08 15:15:44,147 - Velocimacro : initialization complete.
2019-11-08 15:15:44,147 - Velocity successfully started.
2019-11-08 15:19:39,697 - SimpleLog4JLogSystem initialized using logfile 'velocity.log'
2019-11-08 15:19:39,697 - ************************************************************** 
2019-11-08 15:19:39,697 - Starting Jakarta Velocity v1.4
2019-11-08 15:19:39,697 - RuntimeInstance initializing.
2019-11-08 15:19:39,697 - Default Properties File: org/apache/velocity/runtime/defaults/velocity.properties
2019-11-08 15:19:39,697 - Trying to use logger class org.apache.velocity.runtime.log.SimpleLog4JLogSystem
2019-11-08 15:19:39,697 - Using logger class org.apache.velocity.runtime.log.SimpleLog4JLogSystem
2019-11-08 15:19:39,698 - Default ResourceManager initializing. (class org.apache.velocity.runtime.resource.ResourceManagerImpl)
2019-11-08 15:19:39,699 - Resource Loader Instantiated: org.apache.velocity.runtime.resource.loader.ClasspathResourceLoader
2019-11-08 15:19:39,699 - ClasspathResourceLoader : initialization starting.
2019-11-08 15:19:39,699 - ClasspathResourceLoader : initialization complete.
2019-11-08 15:19:39,700 - ResourceCache : initialized. (class org.apache.velocity.runtime.resource.ResourceCacheImpl)
2019-11-08 15:19:39,700 - Default ResourceManager initialization complete.
2019-11-08 15:19:39,700 - Loaded System Directive: org.apache.velocity.runtime.directive.Literal
2019-11-08 15:19:39,701 - Loaded System Directive: org.apache.velocity.runtime.directive.Macro
2019-11-08 15:19:39,702 - Loaded System Directive: org.apache.velocity.runtime.directive.Parse
2019-11-08 15:19:39,702 - Loaded System Directive: org.apache.velocity.runtime.directive.Include
2019-11-08 15:19:39,702 - Loaded System Directive: org.apache.velocity.runtime.directive.Foreach
2019-11-08 15:19:39,716 - Created: 20 parsers.
2019-11-08 15:19:39,719 - Velocimacro : initialization starting.
2019-11-08 15:19:39,719 - Velocimacro : adding VMs from VM library template : VM_global_library.vm
2019-11-08 15:19:39,720 - ResourceManager : unable to find resource 'VM_global_library.vm' in any resource loader.
2019-11-08 15:19:39,720 - Velocimacro : error using  VM library template VM_global_library.vm : org.apache.velocity.exception.ResourceNotFoundException: Unable to find resource 'VM_global_library.vm'
2019-11-08 15:19:39,720 - Velocimacro :  VM library template macro registration complete.
2019-11-08 15:19:39,720 - Velocimacro : allowInline = true : VMs can be defined inline in templates
2019-11-08 15:19:39,720 - Velocimacro : allowInlineToOverride = false : VMs defined inline may NOT replace previous VM definitions
2019-11-08 15:19:39,720 - Velocimacro : allowInlineLocal = false : VMs defined inline will be  global in scope if allowed.
2019-11-08 15:19:39,720 - Velocimacro : messages on  : VM system will output logging messages
2019-11-08 15:19:39,720 - Velocimacro : autoload off  : VM system will not automatically reload global library macros
2019-11-08 15:19:39,720 - Velocimacro : initialization complete.
2019-11-08 15:19:39,720 - Velocity successfully started.
2019-11-08 15:29:54,140 - SimpleLog4JLogSystem initialized using logfile 'velocity.log'
2019-11-08 15:29:54,140 - ************************************************************** 
2019-11-08 15:29:54,140 - Starting Jakarta Velocity v1.4
2019-11-08 15:29:54,140 - RuntimeInstance initializing.
2019-11-08 15:29:54,140 - Default Properties File: org/apache/velocity/runtime/defaults/velocity.properties
2019-11-08 15:29:54,140 - Trying to use logger class org.apache.velocity.runtime.log.SimpleLog4JLogSystem
2019-11-08 15:29:54,140 - Using logger class org.apache.velocity.runtime.log.SimpleLog4JLogSystem
2019-11-08 15:29:54,142 - Default ResourceManager initializing. (class org.apache.velocity.runtime.resource.ResourceManagerImpl)
2019-11-08 15:29:54,143 - Resource Loader Instantiated: org.apache.velocity.runtime.resource.loader.ClasspathResourceLoader
2019-11-08 15:29:54,143 - ClasspathResourceLoader : initialization starting.
2019-11-08 15:29:54,143 - ClasspathResourceLoader : initialization complete.
2019-11-08 15:29:54,144 - ResourceCache : initialized. (class org.apache.velocity.runtime.resource.ResourceCacheImpl)
2019-11-08 15:29:54,144 - Default ResourceManager initialization complete.
2019-11-08 15:29:54,145 - Loaded System Directive: org.apache.velocity.runtime.directive.Literal
2019-11-08 15:29:54,145 - Loaded System Directive: org.apache.velocity.runtime.directive.Macro
2019-11-08 15:29:54,146 - Loaded System Directive: org.apache.velocity.runtime.directive.Parse
2019-11-08 15:29:54,147 - Loaded System Directive: org.apache.velocity.runtime.directive.Include
2019-11-08 15:29:54,148 - Loaded System Directive: org.apache.velocity.runtime.directive.Foreach
2019-11-08 15:29:54,166 - Created: 20 parsers.
2019-11-08 15:29:54,168 - Velocimacro : initialization starting.
2019-11-08 15:29:54,168 - Velocimacro : adding VMs from VM library template : VM_global_library.vm
2019-11-08 15:29:54,169 - ResourceManager : unable to find resource 'VM_global_library.vm' in any resource loader.
2019-11-08 15:29:54,169 - Velocimacro : error using  VM library template VM_global_library.vm : org.apache.velocity.exception.ResourceNotFoundException: Unable to find resource 'VM_global_library.vm'
2019-11-08 15:29:54,169 - Velocimacro :  VM library template macro registration complete.
2019-11-08 15:29:54,169 - Velocimacro : allowInline = true : VMs can be defined inline in templates
2019-11-08 15:29:54,169 - Velocimacro : allowInlineToOverride = false : VMs defined inline may NOT replace previous VM definitions
2019-11-08 15:29:54,169 - Velocimacro : allowInlineLocal = false : VMs defined inline will be  global in scope if allowed.
2019-11-08 15:29:54,169 - Velocimacro : messages on  : VM system will output logging messages
2019-11-08 15:29:54,169 - Velocimacro : autoload off  : VM system will not automatically reload global library macros
2019-11-08 15:29:54,169 - Velocimacro : initialization complete.
2019-11-08 15:29:54,169 - Velocity successfully started.
2019-11-08 15:32:08,589 - ResourceManager : found repast/simphony/parameter/parameters.vt with loader org.apache.velocity.runtime.resource.loader.ClasspathResourceLoader
2019-11-08 15:42:44,260 - SimpleLog4JLogSystem initialized using logfile 'velocity.log'
2019-11-08 15:42:44,260 - ************************************************************** 
2019-11-08 15:42:44,260 - Starting Jakarta Velocity v1.4
2019-11-08 15:42:44,260 - RuntimeInstance initializing.
2019-11-08 15:42:44,260 - Default Properties File: org/apache/velocity/runtime/defaults/velocity.properties
2019-11-08 15:42:44,260 - Trying to use logger class org.apache.velocity.runtime.log.SimpleLog4JLogSystem
2019-11-08 15:42:44,260 - Using logger class org.apache.velocity.runtime.log.SimpleLog4JLogSystem
2019-11-08 15:42:44,262 - Default ResourceManager initializing. (class org.apache.velocity.runtime.resource.ResourceManagerImpl)
2019-11-08 15:42:44,263 - Resource Loader Instantiated: org.apache.velocity.runtime.resource.loader.ClasspathResourceLoader
2019-11-08 15:42:44,263 - ClasspathResourceLoader : initialization starting.
2019-11-08 15:42:44,263 - ClasspathResourceLoader : initialization complete.
2019-11-08 15:42:44,263 - ResourceCache : initialized. (class org.apache.velocity.runtime.resource.ResourceCacheImpl)
2019-11-08 15:42:44,263 - Default ResourceManager initialization complete.
2019-11-08 15:42:44,265 - Loaded System Directive: org.apache.velocity.runtime.directive.Literal
2019-11-08 15:42:44,265 - Loaded System Directive: org.apache.velocity.runtime.directive.Macro
2019-11-08 15:42:44,266 - Loaded System Directive: org.apache.velocity.runtime.directive.Parse
2019-11-08 15:42:44,267 - Loaded System Directive: org.apache.velocity.runtime.directive.Include
2019-11-08 15:42:44,268 - Loaded System Directive: org.apache.velocity.runtime.directive.Foreach
2019-11-08 15:42:44,285 - Created: 20 parsers.
2019-11-08 15:42:44,287 - Velocimacro : initialization starting.
2019-11-08 15:42:44,287 - Velocimacro : adding VMs from VM library template : VM_global_library.vm
2019-11-08 15:42:44,288 - ResourceManager : unable to find resource 'VM_global_library.vm' in any resource loader.
2019-11-08 15:42:44,288 - Velocimacro : error using  VM library template VM_global_library.vm : org.apache.velocity.exception.ResourceNotFoundException: Unable to find resource 'VM_global_library.vm'
2019-11-08 15:42:44,288 - Velocimacro :  VM library template macro registration complete.
2019-11-08 15:42:44,288 - Velocimacro : allowInline = true : VMs can be defined inline in templates
2019-11-08 15:42:44,288 - Velocimacro : allowInlineToOverride = false : VMs defined inline may NOT replace previous VM definitions
2019-11-08 15:42:44,288 - Velocimacro : allowInlineLocal = false : VMs defined inline will be  global in scope if allowed.
2019-11-08 15:42:44,288 - Velocimacro : messages on  : VM system will output logging messages
2019-11-08 15:42:44,288 - Velocimacro : autoload off  : VM system will not automatically reload global library macros
2019-11-08 15:42:44,288 - Velocimacro : initialization complete.
2019-11-08 15:42:44,288 - Velocity successfully started.
2019-11-08 15:44:00,597 - SimpleLog4JLogSystem initialized using logfile 'velocity.log'
2019-11-08 15:44:00,598 - ************************************************************** 
2019-11-08 15:44:00,598 - Starting Jakarta Velocity v1.4
2019-11-08 15:44:00,598 - RuntimeInstance initializing.
2019-11-08 15:44:00,598 - Default Properties File: org/apache/velocity/runtime/defaults/velocity.properties
2019-11-08 15:44:00,598 - Trying to use logger class org.apache.velocity.runtime.log.SimpleLog4JLogSystem
2019-11-08 15:44:00,598 - Using logger class org.apache.velocity.runtime.log.SimpleLog4JLogSystem
2019-11-08 15:44:00,599 - Default ResourceManager initializing. (class org.apache.velocity.runtime.resource.ResourceManagerImpl)
2019-11-08 15:44:00,600 - Resource Loader Instantiated: org.apache.velocity.runtime.resource.loader.ClasspathResourceLoader
2019-11-08 15:44:00,600 - ClasspathResourceLoader : initialization starting.
2019-11-08 15:44:00,600 - ClasspathResourceLoader : initialization complete.
2019-11-08 15:44:00,600 - ResourceCache : initialized. (class org.apache.velocity.runtime.resource.ResourceCacheImpl)
2019-11-08 15:44:00,600 - Default ResourceManager initialization complete.
2019-11-08 15:44:00,601 - Loaded System Directive: org.apache.velocity.runtime.directive.Literal
2019-11-08 15:44:00,602 - Loaded System Directive: org.apache.velocity.runtime.directive.Macro
2019-11-08 15:44:00,602 - Loaded System Directive: org.apache.velocity.runtime.directive.Parse
2019-11-08 15:44:00,603 - Loaded System Directive: org.apache.velocity.runtime.directive.Include
2019-11-08 15:44:00,603 - Loaded System Directive: org.apache.velocity.runtime.directive.Foreach
2019-11-08 15:44:00,622 - Created: 20 parsers.
2019-11-08 15:44:00,625 - Velocimacro : initialization starting.
2019-11-08 15:44:00,625 - Velocimacro : adding VMs from VM library template : VM_global_library.vm
2019-11-08 15:44:00,628 - ResourceManager : unable to find resource 'VM_global_library.vm' in any resource loader.
2019-11-08 15:44:00,628 - Velocimacro : error using  VM library template VM_global_library.vm : org.apache.velocity.exception.ResourceNotFoundException: Unable to find resource 'VM_global_library.vm'
2019-11-08 15:44:00,628 - Velocimacro :  VM library template macro registration complete.
2019-11-08 15:44:00,628 - Velocimacro : allowInline = true : VMs can be defined inline in templates
2019-11-08 15:44:00,628 - Velocimacro : allowInlineToOverride = false : VMs defined inline may NOT replace previous VM definitions
2019-11-08 15:44:00,628 - Velocimacro : allowInlineLocal = false : VMs defined inline will be  global in scope if allowed.
2019-11-08 15:44:00,628 - Velocimacro : messages on  : VM system will output logging messages
2019-11-08 15:44:00,628 - Velocimacro : autoload off  : VM system will not automatically reload global library macros
2019-11-08 15:44:00,628 - Velocimacro : initialization complete.
2019-11-08 15:44:00,628 - Velocity successfully started.
2019-11-08 15:46:38,913 - SimpleLog4JLogSystem initialized using logfile 'velocity.log'
2019-11-08 15:46:38,913 - ************************************************************** 
2019-11-08 15:46:38,913 - Starting Jakarta Velocity v1.4
2019-11-08 15:46:38,913 - RuntimeInstance initializing.
2019-11-08 15:46:38,913 - Default Properties File: org/apache/velocity/runtime/defaults/velocity.properties
2019-11-08 15:46:38,913 - Trying to use logger class org.apache.velocity.runtime.log.SimpleLog4JLogSystem
2019-11-08 15:46:38,913 - Using logger class org.apache.velocity.runtime.log.SimpleLog4JLogSystem
2019-11-08 15:46:38,914 - Default ResourceManager initializing. (class org.apache.velocity.runtime.resource.ResourceManagerImpl)
2019-11-08 15:46:38,915 - Resource Loader Instantiated: org.apache.velocity.runtime.resource.loader.ClasspathResourceLoader
2019-11-08 15:46:38,915 - ClasspathResourceLoader : initialization starting.
2019-11-08 15:46:38,915 - ClasspathResourceLoader : initialization complete.
2019-11-08 15:46:38,915 - ResourceCache : initialized. (class org.apache.velocity.runtime.resource.ResourceCacheImpl)
2019-11-08 15:46:38,915 - Default ResourceManager initialization complete.
2019-11-08 15:46:38,916 - Loaded System Directive: org.apache.velocity.runtime.directive.Literal
2019-11-08 15:46:38,917 - Loaded System Directive: org.apache.velocity.runtime.directive.Macro
2019-11-08 15:46:38,917 - Loaded System Directive: org.apache.velocity.runtime.directive.Parse
2019-11-08 15:46:38,918 - Loaded System Directive: org.apache.velocity.runtime.directive.Include
2019-11-08 15:46:38,918 - Loaded System Directive: org.apache.velocity.runtime.directive.Foreach
2019-11-08 15:46:38,931 - Created: 20 parsers.
2019-11-08 15:46:38,933 - Velocimacro : initialization starting.
2019-11-08 15:46:38,933 - Velocimacro : adding VMs from VM library template : VM_global_library.vm
2019-11-08 15:46:38,934 - ResourceManager : unable to find resource 'VM_global_library.vm' in any resource loader.
2019-11-08 15:46:38,934 - Velocimacro : error using  VM library template VM_global_library.vm : org.apache.velocity.exception.ResourceNotFoundException: Unable to find resource 'VM_global_library.vm'
2019-11-08 15:46:38,934 - Velocimacro :  VM library template macro registration complete.
2019-11-08 15:46:38,934 - Velocimacro : allowInline = true : VMs can be defined inline in templates
2019-11-08 15:46:38,934 - Velocimacro : allowInlineToOverride = false : VMs defined inline may NOT replace previous VM definitions
2019-11-08 15:46:38,934 - Velocimacro : allowInlineLocal = false : VMs defined inline will be  global in scope if allowed.
2019-11-08 15:46:38,935 - Velocimacro : messages on  : VM system will output logging messages
2019-11-08 15:46:38,935 - Velocimacro : autoload off  : VM system will not automatically reload global library macros
2019-11-08 15:46:38,935 - Velocimacro : initialization complete.
2019-11-08 15:46:38,935 - Velocity successfully started.
2019-11-08 15:51:17,390 - SimpleLog4JLogSystem initialized using logfile 'velocity.log'
2019-11-08 15:51:17,391 - ************************************************************** 
2019-11-08 15:51:17,391 - Starting Jakarta Velocity v1.4
2019-11-08 15:51:17,391 - RuntimeInstance initializing.
2019-11-08 15:51:17,391 - Default Properties File: org/apache/velocity/runtime/defaults/velocity.properties
2019-11-08 15:51:17,391 - Trying to use logger class org.apache.velocity.runtime.log.SimpleLog4JLogSystem
2019-11-08 15:51:17,391 - Using logger class org.apache.velocity.runtime.log.SimpleLog4JLogSystem
2019-11-08 15:51:17,393 - Default ResourceManager initializing. (class org.apache.velocity.runtime.resource.ResourceManagerImpl)
2019-11-08 15:51:17,394 - Resource Loader Instantiated: org.apache.velocity.runtime.resource.loader.ClasspathResourceLoader
2019-11-08 15:51:17,394 - ClasspathResourceLoader : initialization starting.
2019-11-08 15:51:17,394 - ClasspathResourceLoader : initialization complete.
2019-11-08 15:51:17,395 - ResourceCache : initialized. (class org.apache.velocity.runtime.resource.ResourceCacheImpl)
2019-11-08 15:51:17,395 - Default ResourceManager initialization complete.
2019-11-08 15:51:17,396 - Loaded System Directive: org.apache.velocity.runtime.directive.Literal
2019-11-08 15:51:17,397 - Loaded System Directive: org.apache.velocity.runtime.directive.Macro
2019-11-08 15:51:17,399 - Loaded System Directive: org.apache.velocity.runtime.directive.Parse
2019-11-08 15:51:17,400 - Loaded System Directive: org.apache.velocity.runtime.directive.Include
2019-11-08 15:51:17,400 - Loaded System Directive: org.apache.velocity.runtime.directive.Foreach
2019-11-08 15:51:17,423 - Created: 20 parsers.
2019-11-08 15:51:17,426 - Velocimacro : initialization starting.
2019-11-08 15:51:17,427 - Velocimacro : adding VMs from VM library template : VM_global_library.vm
2019-11-08 15:51:17,428 - ResourceManager : unable to find resource 'VM_global_library.vm' in any resource loader.
2019-11-08 15:51:17,428 - Velocimacro : error using  VM library template VM_global_library.vm : org.apache.velocity.exception.ResourceNotFoundException: Unable to find resource 'VM_global_library.vm'
2019-11-08 15:51:17,428 - Velocimacro :  VM library template macro registration complete.
2019-11-08 15:51:17,428 - Velocimacro : allowInline = true : VMs can be defined inline in templates
2019-11-08 15:51:17,428 - Velocimacro : allowInlineToOverride = false : VMs defined inline may NOT replace previous VM definitions
2019-11-08 15:51:17,428 - Velocimacro : allowInlineLocal = false : VMs defined inline will be  global in scope if allowed.
2019-11-08 15:51:17,428 - Velocimacro : messages on  : VM system will output logging messages
2019-11-08 15:51:17,428 - Velocimacro : autoload off  : VM system will not automatically reload global library macros
2019-11-08 15:51:17,428 - Velocimacro : initialization complete.
2019-11-08 15:51:17,428 - Velocity successfully started.
2019-11-08 16:08:01,035 - SimpleLog4JLogSystem initialized using logfile 'velocity.log'
2019-11-08 16:08:01,035 - ************************************************************** 
2019-11-08 16:08:01,035 - Starting Jakarta Velocity v1.4
2019-11-08 16:08:01,035 - RuntimeInstance initializing.
2019-11-08 16:08:01,035 - Default Properties File: org/apache/velocity/runtime/defaults/velocity.properties
2019-11-08 16:08:01,035 - Trying to use logger class org.apache.velocity.runtime.log.SimpleLog4JLogSystem
2019-11-08 16:08:01,035 - Using logger class org.apache.velocity.runtime.log.SimpleLog4JLogSystem
2019-11-08 16:08:01,037 - Default ResourceManager initializing. (class org.apache.velocity.runtime.resource.ResourceManagerImpl)
2019-11-08 16:08:01,038 - Resource Loader Instantiated: org.apache.velocity.runtime.resource.loader.ClasspathResourceLoader
2019-11-08 16:08:01,038 - ClasspathResourceLoader : initialization starting.
2019-11-08 16:08:01,038 - ClasspathResourceLoader : initialization complete.
2019-11-08 16:08:01,038 - ResourceCache : initialized. (class org.apache.velocity.runtime.resource.ResourceCacheImpl)
2019-11-08 16:08:01,038 - Default ResourceManager initialization complete.
2019-11-08 16:08:01,039 - Loaded System Directive: org.apache.velocity.runtime.directive.Literal
2019-11-08 16:08:01,040 - Loaded System Directive: org.apache.velocity.runtime.directive.Macro
2019-11-08 16:08:01,041 - Loaded System Directive: org.apache.velocity.runtime.directive.Parse
2019-11-08 16:08:01,042 - Loaded System Directive: org.apache.velocity.runtime.directive.Include
2019-11-08 16:08:01,042 - Loaded System Directive: org.apache.velocity.runtime.directive.Foreach
2019-11-08 16:08:01,058 - Created: 20 parsers.
2019-11-08 16:08:01,060 - Velocimacro : initialization starting.
2019-11-08 16:08:01,060 - Velocimacro : adding VMs from VM library template : VM_global_library.vm
2019-11-08 16:08:01,061 - ResourceManager : unable to find resource 'VM_global_library.vm' in any resource loader.
2019-11-08 16:08:01,062 - Velocimacro : error using  VM library template VM_global_library.vm : org.apache.velocity.exception.ResourceNotFoundException: Unable to find resource 'VM_global_library.vm'
2019-11-08 16:08:01,062 - Velocimacro :  VM library template macro registration complete.
2019-11-08 16:08:01,062 - Velocimacro : allowInline = true : VMs can be defined inline in templates
2019-11-08 16:08:01,062 - Velocimacro : allowInlineToOverride = false : VMs defined inline may NOT replace previous VM definitions
2019-11-08 16:08:01,062 - Velocimacro : allowInlineLocal = false : VMs defined inline will be  global in scope if allowed.
2019-11-08 16:08:01,062 - Velocimacro : messages on  : VM system will output logging messages
2019-11-08 16:08:01,062 - Velocimacro : autoload off  : VM system will not automatically reload global library macros
2019-11-08 16:08:01,062 - Velocimacro : initialization complete.
2019-11-08 16:08:01,062 - Velocity successfully started.
2019-11-08 16:13:46,307 - SimpleLog4JLogSystem initialized using logfile 'velocity.log'
2019-11-08 16:13:46,307 - ************************************************************** 
2019-11-08 16:13:46,307 - Starting Jakarta Velocity v1.4
2019-11-08 16:13:46,307 - RuntimeInstance initializing.
2019-11-08 16:13:46,307 - Default Properties File: org/apache/velocity/runtime/defaults/velocity.properties
2019-11-08 16:13:46,307 - Trying to use logger class org.apache.velocity.runtime.log.SimpleLog4JLogSystem
2019-11-08 16:13:46,307 - Using logger class org.apache.velocity.runtime.log.SimpleLog4JLogSystem
2019-11-08 16:13:46,310 - Default ResourceManager initializing. (class org.apache.velocity.runtime.resource.ResourceManagerImpl)
2019-11-08 16:13:46,312 - Resource Loader Instantiated: org.apache.velocity.runtime.resource.loader.ClasspathResourceLoader
2019-11-08 16:13:46,312 - ClasspathResourceLoader : initialization starting.
2019-11-08 16:13:46,313 - ClasspathResourceLoader : initialization complete.
2019-11-08 16:13:46,314 - ResourceCache : initialized. (class org.apache.velocity.runtime.resource.ResourceCacheImpl)
2019-11-08 16:13:46,314 - Default ResourceManager initialization complete.
2019-11-08 16:13:46,315 - Loaded System Directive: org.apache.velocity.runtime.directive.Literal
2019-11-08 16:13:46,317 - Loaded System Directive: org.apache.velocity.runtime.directive.Macro
2019-11-08 16:13:46,320 - Loaded System Directive: org.apache.velocity.runtime.directive.Parse
2019-11-08 16:13:46,322 - Loaded System Directive: org.apache.velocity.runtime.directive.Include
2019-11-08 16:13:46,323 - Loaded System Directive: org.apache.velocity.runtime.directive.Foreach
2019-11-08 16:13:46,356 - Created: 20 parsers.
2019-11-08 16:13:46,361 - Velocimacro : initialization starting.
2019-11-08 16:13:46,361 - Velocimacro : adding VMs from VM library template : VM_global_library.vm
2019-11-08 16:13:46,362 - ResourceManager : unable to find resource 'VM_global_library.vm' in any resource loader.
2019-11-08 16:13:46,362 - Velocimacro : error using  VM library template VM_global_library.vm : org.apache.velocity.exception.ResourceNotFoundException: Unable to find resource 'VM_global_library.vm'
2019-11-08 16:13:46,362 - Velocimacro :  VM library template macro registration complete.
2019-11-08 16:13:46,363 - Velocimacro : allowInline = true : VMs can be defined inline in templates
2019-11-08 16:13:46,363 - Velocimacro : allowInlineToOverride = false : VMs defined inline may NOT replace previous VM definitions
2019-11-08 16:13:46,363 - Velocimacro : allowInlineLocal = false : VMs defined inline will be  global in scope if allowed.
2019-11-08 16:13:46,363 - Velocimacro : messages on  : VM system will output logging messages
2019-11-08 16:13:46,363 - Velocimacro : autoload off  : VM system will not automatically reload global library macros
2019-11-08 16:13:46,363 - Velocimacro : initialization complete.
2019-11-08 16:13:46,363 - Velocity successfully started.
2019-11-08 16:30:40,415 - SimpleLog4JLogSystem initialized using logfile 'velocity.log'
2019-11-08 16:30:40,416 - ************************************************************** 
2019-11-08 16:30:40,416 - Starting Jakarta Velocity v1.4
2019-11-08 16:30:40,416 - RuntimeInstance initializing.
2019-11-08 16:30:40,416 - Default Properties File: org/apache/velocity/runtime/defaults/velocity.properties
2019-11-08 16:30:40,416 - Trying to use logger class org.apache.velocity.runtime.log.SimpleLog4JLogSystem
2019-11-08 16:30:40,416 - Using logger class org.apache.velocity.runtime.log.SimpleLog4JLogSystem
2019-11-08 16:30:40,418 - Default ResourceManager initializing. (class org.apache.velocity.runtime.resource.ResourceManagerImpl)
2019-11-08 16:30:40,419 - Resource Loader Instantiated: org.apache.velocity.runtime.resource.loader.ClasspathResourceLoader
2019-11-08 16:30:40,419 - ClasspathResourceLoader : initialization starting.
2019-11-08 16:30:40,419 - ClasspathResourceLoader : initialization complete.
2019-11-08 16:30:40,420 - ResourceCache : initialized. (class org.apache.velocity.runtime.resource.ResourceCacheImpl)
2019-11-08 16:30:40,420 - Default ResourceManager initialization complete.
2019-11-08 16:30:40,422 - Loaded System Directive: org.apache.velocity.runtime.directive.Literal
2019-11-08 16:30:40,423 - Loaded System Directive: org.apache.velocity.runtime.directive.Macro
2019-11-08 16:30:40,424 - Loaded System Directive: org.apache.velocity.runtime.directive.Parse
2019-11-08 16:30:40,425 - Loaded System Directive: org.apache.velocity.runtime.directive.Include
2019-11-08 16:30:40,425 - Loaded System Directive: org.apache.velocity.runtime.directive.Foreach
2019-11-08 16:30:40,446 - Created: 20 parsers.
2019-11-08 16:30:40,450 - Velocimacro : initialization starting.
2019-11-08 16:30:40,450 - Velocimacro : adding VMs from VM library template : VM_global_library.vm
2019-11-08 16:30:40,451 - ResourceManager : unable to find resource 'VM_global_library.vm' in any resource loader.
2019-11-08 16:30:40,452 - Velocimacro : error using  VM library template VM_global_library.vm : org.apache.velocity.exception.ResourceNotFoundException: Unable to find resource 'VM_global_library.vm'
2019-11-08 16:30:40,452 - Velocimacro :  VM library template macro registration complete.
2019-11-08 16:30:40,452 - Velocimacro : allowInline = true : VMs can be defined inline in templates
2019-11-08 16:30:40,452 - Velocimacro : allowInlineToOverride = false : VMs defined inline may NOT replace previous VM definitions
2019-11-08 16:30:40,452 - Velocimacro : allowInlineLocal = false : VMs defined inline will be  global in scope if allowed.
2019-11-08 16:30:40,452 - Velocimacro : messages on  : VM system will output logging messages
2019-11-08 16:30:40,452 - Velocimacro : autoload off  : VM system will not automatically reload global library macros
2019-11-08 16:30:40,452 - Velocimacro : initialization complete.
2019-11-08 16:30:40,452 - Velocity successfully started.
2019-11-08 17:58:23,283 - SimpleLog4JLogSystem initialized using logfile 'velocity.log'
2019-11-08 17:58:23,283 - ************************************************************** 
2019-11-08 17:58:23,283 - Starting Jakarta Velocity v1.4
2019-11-08 17:58:23,283 - RuntimeInstance initializing.
2019-11-08 17:58:23,283 - Default Properties File: org/apache/velocity/runtime/defaults/velocity.properties
2019-11-08 17:58:23,283 - Trying to use logger class org.apache.velocity.runtime.log.SimpleLog4JLogSystem
2019-11-08 17:58:23,283 - Using logger class org.apache.velocity.runtime.log.SimpleLog4JLogSystem
2019-11-08 17:58:23,285 - Default ResourceManager initializing. (class org.apache.velocity.runtime.resource.ResourceManagerImpl)
2019-11-08 17:58:23,286 - Resource Loader Instantiated: org.apache.velocity.runtime.resource.loader.ClasspathResourceLoader
2019-11-08 17:58:23,286 - ClasspathResourceLoader : initialization starting.
2019-11-08 17:58:23,286 - ClasspathResourceLoader : initialization complete.
2019-11-08 17:58:23,286 - ResourceCache : initialized. (class org.apache.velocity.runtime.resource.ResourceCacheImpl)
2019-11-08 17:58:23,286 - Default ResourceManager initialization complete.
2019-11-08 17:58:23,287 - Loaded System Directive: org.apache.velocity.runtime.directive.Literal
2019-11-08 17:58:23,287 - Loaded System Directive: org.apache.velocity.runtime.directive.Macro
2019-11-08 17:58:23,288 - Loaded System Directive: org.apache.velocity.runtime.directive.Parse
2019-11-08 17:58:23,289 - Loaded System Directive: org.apache.velocity.runtime.directive.Include
2019-11-08 17:58:23,289 - Loaded System Directive: org.apache.velocity.runtime.directive.Foreach
2019-11-08 17:58:23,301 - Created: 20 parsers.
2019-11-08 17:58:23,304 - Velocimacro : initialization starting.
2019-11-08 17:58:23,304 - Velocimacro : adding VMs from VM library template : VM_global_library.vm
2019-11-08 17:58:23,305 - ResourceManager : unable to find resource 'VM_global_library.vm' in any resource loader.
2019-11-08 17:58:23,305 - Velocimacro : error using  VM library template VM_global_library.vm : org.apache.velocity.exception.ResourceNotFoundException: Unable to find resource 'VM_global_library.vm'
2019-11-08 17:58:23,305 - Velocimacro :  VM library template macro registration complete.
2019-11-08 17:58:23,305 - Velocimacro : allowInline = true : VMs can be defined inline in templates
2019-11-08 17:58:23,305 - Velocimacro : allowInlineToOverride = false : VMs defined inline may NOT replace previous VM definitions
2019-11-08 17:58:23,305 - Velocimacro : allowInlineLocal = false : VMs defined inline will be  global in scope if allowed.
2019-11-08 17:58:23,305 - Velocimacro : messages on  : VM system will output logging messages
2019-11-08 17:58:23,305 - Velocimacro : autoload off  : VM system will not automatically reload global library macros
2019-11-08 17:58:23,305 - Velocimacro : initialization complete.
2019-11-08 17:58:23,305 - Velocity successfully started.
2019-11-08 17:59:54,464 - SimpleLog4JLogSystem initialized using logfile 'velocity.log'
2019-11-08 17:59:54,464 - ************************************************************** 
2019-11-08 17:59:54,464 - Starting Jakarta Velocity v1.4
2019-11-08 17:59:54,464 - RuntimeInstance initializing.
2019-11-08 17:59:54,464 - Default Properties File: org/apache/velocity/runtime/defaults/velocity.properties
2019-11-08 17:59:54,464 - Trying to use logger class org.apache.velocity.runtime.log.SimpleLog4JLogSystem
2019-11-08 17:59:54,464 - Using logger class org.apache.velocity.runtime.log.SimpleLog4JLogSystem
2019-11-08 17:59:54,466 - Default ResourceManager initializing. (class org.apache.velocity.runtime.resource.ResourceManagerImpl)
2019-11-08 17:59:54,467 - Resource Loader Instantiated: org.apache.velocity.runtime.resource.loader.ClasspathResourceLoader
2019-11-08 17:59:54,467 - ClasspathResourceLoader : initialization starting.
2019-11-08 17:59:54,467 - ClasspathResourceLoader : initialization complete.
2019-11-08 17:59:54,468 - ResourceCache : initialized. (class org.apache.velocity.runtime.resource.ResourceCacheImpl)
2019-11-08 17:59:54,468 - Default ResourceManager initialization complete.
2019-11-08 17:59:54,469 - Loaded System Directive: org.apache.velocity.runtime.directive.Literal
2019-11-08 17:59:54,469 - Loaded System Directive: org.apache.velocity.runtime.directive.Macro
2019-11-08 17:59:54,470 - Loaded System Directive: org.apache.velocity.runtime.directive.Parse
2019-11-08 17:59:54,471 - Loaded System Directive: org.apache.velocity.runtime.directive.Include
2019-11-08 17:59:54,472 - Loaded System Directive: org.apache.velocity.runtime.directive.Foreach
2019-11-08 17:59:54,491 - Created: 20 parsers.
2019-11-08 17:59:54,494 - Velocimacro : initialization starting.
2019-11-08 17:59:54,494 - Velocimacro : adding VMs from VM library template : VM_global_library.vm
2019-11-08 17:59:54,496 - ResourceManager : unable to find resource 'VM_global_library.vm' in any resource loader.
2019-11-08 17:59:54,496 - Velocimacro : error using  VM library template VM_global_library.vm : org.apache.velocity.exception.ResourceNotFoundException: Unable to find resource 'VM_global_library.vm'
2019-11-08 17:59:54,496 - Velocimacro :  VM library template macro registration complete.
2019-11-08 17:59:54,496 - Velocimacro : allowInline = true : VMs can be defined inline in templates
2019-11-08 17:59:54,496 - Velocimacro : allowInlineToOverride = false : VMs defined inline may NOT replace previous VM definitions
2019-11-08 17:59:54,496 - Velocimacro : allowInlineLocal = false : VMs defined inline will be  global in scope if allowed.
2019-11-08 17:59:54,496 - Velocimacro : messages on  : VM system will output logging messages
2019-11-08 17:59:54,496 - Velocimacro : autoload off  : VM system will not automatically reload global library macros
2019-11-08 17:59:54,496 - Velocimacro : initialization complete.
2019-11-08 17:59:54,496 - Velocity successfully started.
2019-11-08 18:01:41,209 - SimpleLog4JLogSystem initialized using logfile 'velocity.log'
2019-11-08 18:01:41,209 - ************************************************************** 
2019-11-08 18:01:41,209 - Starting Jakarta Velocity v1.4
2019-11-08 18:01:41,209 - RuntimeInstance initializing.
2019-11-08 18:01:41,209 - Default Properties File: org/apache/velocity/runtime/defaults/velocity.properties
2019-11-08 18:01:41,209 - Trying to use logger class org.apache.velocity.runtime.log.SimpleLog4JLogSystem
2019-11-08 18:01:41,209 - Using logger class org.apache.velocity.runtime.log.SimpleLog4JLogSystem
2019-11-08 18:01:41,211 - Default ResourceManager initializing. (class org.apache.velocity.runtime.resource.ResourceManagerImpl)
2019-11-08 18:01:41,212 - Resource Loader Instantiated: org.apache.velocity.runtime.resource.loader.ClasspathResourceLoader
2019-11-08 18:01:41,212 - ClasspathResourceLoader : initialization starting.
2019-11-08 18:01:41,212 - ClasspathResourceLoader : initialization complete.
2019-11-08 18:01:41,213 - ResourceCache : initialized. (class org.apache.velocity.runtime.resource.ResourceCacheImpl)
2019-11-08 18:01:41,213 - Default ResourceManager initialization complete.
2019-11-08 18:01:41,214 - Loaded System Directive: org.apache.velocity.runtime.directive.Literal
2019-11-08 18:01:41,215 - Loaded System Directive: org.apache.velocity.runtime.directive.Macro
2019-11-08 18:01:41,216 - Loaded System Directive: org.apache.velocity.runtime.directive.Parse
2019-11-08 18:01:41,216 - Loaded System Directive: org.apache.velocity.runtime.directive.Include
2019-11-08 18:01:41,217 - Loaded System Directive: org.apache.velocity.runtime.directive.Foreach
2019-11-08 18:01:41,233 - Created: 20 parsers.
2019-11-08 18:01:41,235 - Velocimacro : initialization starting.
2019-11-08 18:01:41,235 - Velocimacro : adding VMs from VM library template : VM_global_library.vm
2019-11-08 18:01:41,236 - ResourceManager : unable to find resource 'VM_global_library.vm' in any resource loader.
2019-11-08 18:01:41,236 - Velocimacro : error using  VM library template VM_global_library.vm : org.apache.velocity.exception.ResourceNotFoundException: Unable to find resource 'VM_global_library.vm'
2019-11-08 18:01:41,236 - Velocimacro :  VM library template macro registration complete.
2019-11-08 18:01:41,236 - Velocimacro : allowInline = true : VMs can be defined inline in templates
2019-11-08 18:01:41,236 - Velocimacro : allowInlineToOverride = false : VMs defined inline may NOT replace previous VM definitions
2019-11-08 18:01:41,236 - Velocimacro : allowInlineLocal = false : VMs defined inline will be  global in scope if allowed.
2019-11-08 18:01:41,236 - Velocimacro : messages on  : VM system will output logging messages
2019-11-08 18:01:41,236 - Velocimacro : autoload off  : VM system will not automatically reload global library macros
2019-11-08 18:01:41,236 - Velocimacro : initialization complete.
2019-11-08 18:01:41,236 - Velocity successfully started.
2019-11-08 18:05:13,420 - SimpleLog4JLogSystem initialized using logfile 'velocity.log'
2019-11-08 18:05:13,420 - ************************************************************** 
2019-11-08 18:05:13,420 - Starting Jakarta Velocity v1.4
2019-11-08 18:05:13,420 - RuntimeInstance initializing.
2019-11-08 18:05:13,420 - Default Properties File: org/apache/velocity/runtime/defaults/velocity.properties
2019-11-08 18:05:13,421 - Trying to use logger class org.apache.velocity.runtime.log.SimpleLog4JLogSystem
2019-11-08 18:05:13,421 - Using logger class org.apache.velocity.runtime.log.SimpleLog4JLogSystem
2019-11-08 18:05:13,422 - Default ResourceManager initializing. (class org.apache.velocity.runtime.resource.ResourceManagerImpl)
2019-11-08 18:05:13,422 - Resource Loader Instantiated: org.apache.velocity.runtime.resource.loader.ClasspathResourceLoader
2019-11-08 18:05:13,422 - ClasspathResourceLoader : initialization starting.
2019-11-08 18:05:13,422 - ClasspathResourceLoader : initialization complete.
2019-11-08 18:05:13,423 - ResourceCache : initialized. (class org.apache.velocity.runtime.resource.ResourceCacheImpl)
2019-11-08 18:05:13,423 - Default ResourceManager initialization complete.
2019-11-08 18:05:13,423 - Loaded System Directive: org.apache.velocity.runtime.directive.Literal
2019-11-08 18:05:13,424 - Loaded System Directive: org.apache.velocity.runtime.directive.Macro
2019-11-08 18:05:13,424 - Loaded System Directive: org.apache.velocity.runtime.directive.Parse
2019-11-08 18:05:13,425 - Loaded System Directive: org.apache.velocity.runtime.directive.Include
2019-11-08 18:05:13,426 - Loaded System Directive: org.apache.velocity.runtime.directive.Foreach
2019-11-08 18:05:13,444 - Created: 20 parsers.
2019-11-08 18:05:13,446 - Velocimacro : initialization starting.
2019-11-08 18:05:13,446 - Velocimacro : adding VMs from VM library template : VM_global_library.vm
2019-11-08 18:05:13,448 - ResourceManager : unable to find resource 'VM_global_library.vm' in any resource loader.
2019-11-08 18:05:13,448 - Velocimacro : error using  VM library template VM_global_library.vm : org.apache.velocity.exception.ResourceNotFoundException: Unable to find resource 'VM_global_library.vm'
2019-11-08 18:05:13,448 - Velocimacro :  VM library template macro registration complete.
2019-11-08 18:05:13,448 - Velocimacro : allowInline = true : VMs can be defined inline in templates
2019-11-08 18:05:13,448 - Velocimacro : allowInlineToOverride = false : VMs defined inline may NOT replace previous VM definitions
2019-11-08 18:05:13,448 - Velocimacro : allowInlineLocal = false : VMs defined inline will be  global in scope if allowed.
2019-11-08 18:05:13,448 - Velocimacro : messages on  : VM system will output logging messages
2019-11-08 18:05:13,448 - Velocimacro : autoload off  : VM system will not automatically reload global library macros
2019-11-08 18:05:13,448 - Velocimacro : initialization complete.
2019-11-08 18:05:13,448 - Velocity successfully started.
2019-11-08 18:08:01,305 - ResourceManager : found repast/simphony/parameter/parameters.vt with loader org.apache.velocity.runtime.resource.loader.ClasspathResourceLoader
2019-11-08 18:14:05,644 - SimpleLog4JLogSystem initialized using logfile 'velocity.log'
2019-11-08 18:14:05,644 - ************************************************************** 
2019-11-08 18:14:05,644 - Starting Jakarta Velocity v1.4
2019-11-08 18:14:05,645 - RuntimeInstance initializing.
2019-11-08 18:14:05,645 - Default Properties File: org/apache/velocity/runtime/defaults/velocity.properties
2019-11-08 18:14:05,645 - Trying to use logger class org.apache.velocity.runtime.log.SimpleLog4JLogSystem
2019-11-08 18:14:05,645 - Using logger class org.apache.velocity.runtime.log.SimpleLog4JLogSystem
2019-11-08 18:14:05,646 - Default ResourceManager initializing. (class org.apache.velocity.runtime.resource.ResourceManagerImpl)
2019-11-08 18:14:05,647 - Resource Loader Instantiated: org.apache.velocity.runtime.resource.loader.ClasspathResourceLoader
2019-11-08 18:14:05,647 - ClasspathResourceLoader : initialization starting.
2019-11-08 18:14:05,647 - ClasspathResourceLoader : initialization complete.
2019-11-08 18:14:05,647 - ResourceCache : initialized. (class org.apache.velocity.runtime.resource.ResourceCacheImpl)
2019-11-08 18:14:05,647 - Default ResourceManager initialization complete.
2019-11-08 18:14:05,648 - Loaded System Directive: org.apache.velocity.runtime.directive.Literal
2019-11-08 18:14:05,648 - Loaded System Directive: org.apache.velocity.runtime.directive.Macro
2019-11-08 18:14:05,649 - Loaded System Directive: org.apache.velocity.runtime.directive.Parse
2019-11-08 18:14:05,650 - Loaded System Directive: org.apache.velocity.runtime.directive.Include
2019-11-08 18:14:05,650 - Loaded System Directive: org.apache.velocity.runtime.directive.Foreach
2019-11-08 18:14:05,664 - Created: 20 parsers.
2019-11-08 18:14:05,667 - Velocimacro : initialization starting.
2019-11-08 18:14:05,667 - Velocimacro : adding VMs from VM library template : VM_global_library.vm
2019-11-08 18:14:05,668 - ResourceManager : unable to find resource 'VM_global_library.vm' in any resource loader.
2019-11-08 18:14:05,668 - Velocimacro : error using  VM library template VM_global_library.vm : org.apache.velocity.exception.ResourceNotFoundException: Unable to find resource 'VM_global_library.vm'
2019-11-08 18:14:05,668 - Velocimacro :  VM library template macro registration complete.
2019-11-08 18:14:05,668 - Velocimacro : allowInline = true : VMs can be defined inline in templates
2019-11-08 18:14:05,668 - Velocimacro : allowInlineToOverride = false : VMs defined inline may NOT replace previous VM definitions
2019-11-08 18:14:05,668 - Velocimacro : allowInlineLocal = false : VMs defined inline will be  global in scope if allowed.
2019-11-08 18:14:05,668 - Velocimacro : messages on  : VM system will output logging messages
2019-11-08 18:14:05,668 - Velocimacro : autoload off  : VM system will not automatically reload global library macros
2019-11-08 18:14:05,668 - Velocimacro : initialization complete.
2019-11-08 18:14:05,668 - Velocity successfully started.
2019-11-08 18:14:32,307 - SimpleLog4JLogSystem initialized using logfile 'velocity.log'
2019-11-08 18:14:32,307 - ************************************************************** 
2019-11-08 18:14:32,307 - Starting Jakarta Velocity v1.4
2019-11-08 18:14:32,307 - RuntimeInstance initializing.
2019-11-08 18:14:32,307 - Default Properties File: org/apache/velocity/runtime/defaults/velocity.properties
2019-11-08 18:14:32,307 - Trying to use logger class org.apache.velocity.runtime.log.SimpleLog4JLogSystem
2019-11-08 18:14:32,307 - Using logger class org.apache.velocity.runtime.log.SimpleLog4JLogSystem
2019-11-08 18:14:32,308 - Default ResourceManager initializing. (class org.apache.velocity.runtime.resource.ResourceManagerImpl)
2019-11-08 18:14:32,309 - Resource Loader Instantiated: org.apache.velocity.runtime.resource.loader.ClasspathResourceLoader
2019-11-08 18:14:32,309 - ClasspathResourceLoader : initialization starting.
2019-11-08 18:14:32,309 - ClasspathResourceLoader : initialization complete.
2019-11-08 18:14:32,309 - ResourceCache : initialized. (class org.apache.velocity.runtime.resource.ResourceCacheImpl)
2019-11-08 18:14:32,309 - Default ResourceManager initialization complete.
2019-11-08 18:14:32,310 - Loaded System Directive: org.apache.velocity.runtime.directive.Literal
2019-11-08 18:14:32,311 - Loaded System Directive: org.apache.velocity.runtime.directive.Macro
2019-11-08 18:14:32,311 - Loaded System Directive: org.apache.velocity.runtime.directive.Parse
2019-11-08 18:14:32,312 - Loaded System Directive: org.apache.velocity.runtime.directive.Include
2019-11-08 18:14:32,313 - Loaded System Directive: org.apache.velocity.runtime.directive.Foreach
2019-11-08 18:14:32,325 - Created: 20 parsers.
2019-11-08 18:14:32,327 - Velocimacro : initialization starting.
2019-11-08 18:14:32,327 - Velocimacro : adding VMs from VM library template : VM_global_library.vm
2019-11-08 18:14:32,329 - ResourceManager : unable to find resource 'VM_global_library.vm' in any resource loader.
2019-11-08 18:14:32,329 - Velocimacro : error using  VM library template VM_global_library.vm : org.apache.velocity.exception.ResourceNotFoundException: Unable to find resource 'VM_global_library.vm'
2019-11-08 18:14:32,329 - Velocimacro :  VM library template macro registration complete.
2019-11-08 18:14:32,329 - Velocimacro : allowInline = true : VMs can be defined inline in templates
2019-11-08 18:14:32,329 - Velocimacro : allowInlineToOverride = false : VMs defined inline may NOT replace previous VM definitions
2019-11-08 18:14:32,329 - Velocimacro : allowInlineLocal = false : VMs defined inline will be  global in scope if allowed.
2019-11-08 18:14:32,329 - Velocimacro : messages on  : VM system will output logging messages
2019-11-08 18:14:32,329 - Velocimacro : autoload off  : VM system will not automatically reload global library macros
2019-11-08 18:14:32,329 - Velocimacro : initialization complete.
2019-11-08 18:14:32,329 - Velocity successfully started.
2019-11-08 18:17:01,161 - SimpleLog4JLogSystem initialized using logfile 'velocity.log'
2019-11-08 18:17:01,161 - ************************************************************** 
2019-11-08 18:17:01,161 - Starting Jakarta Velocity v1.4
2019-11-08 18:17:01,161 - RuntimeInstance initializing.
2019-11-08 18:17:01,161 - Default Properties File: org/apache/velocity/runtime/defaults/velocity.properties
2019-11-08 18:17:01,161 - Trying to use logger class org.apache.velocity.runtime.log.SimpleLog4JLogSystem
2019-11-08 18:17:01,161 - Using logger class org.apache.velocity.runtime.log.SimpleLog4JLogSystem
2019-11-08 18:17:01,163 - Default ResourceManager initializing. (class org.apache.velocity.runtime.resource.ResourceManagerImpl)
2019-11-08 18:17:01,163 - Resource Loader Instantiated: org.apache.velocity.runtime.resource.loader.ClasspathResourceLoader
2019-11-08 18:17:01,163 - ClasspathResourceLoader : initialization starting.
2019-11-08 18:17:01,163 - ClasspathResourceLoader : initialization complete.
2019-11-08 18:17:01,164 - ResourceCache : initialized. (class org.apache.velocity.runtime.resource.ResourceCacheImpl)
2019-11-08 18:17:01,164 - Default ResourceManager initialization complete.
2019-11-08 18:17:01,164 - Loaded System Directive: org.apache.velocity.runtime.directive.Literal
2019-11-08 18:17:01,165 - Loaded System Directive: org.apache.velocity.runtime.directive.Macro
2019-11-08 18:17:01,166 - Loaded System Directive: org.apache.velocity.runtime.directive.Parse
2019-11-08 18:17:01,166 - Loaded System Directive: org.apache.velocity.runtime.directive.Include
2019-11-08 18:17:01,166 - Loaded System Directive: org.apache.velocity.runtime.directive.Foreach
2019-11-08 18:17:01,182 - Created: 20 parsers.
2019-11-08 18:17:01,185 - Velocimacro : initialization starting.
2019-11-08 18:17:01,185 - Velocimacro : adding VMs from VM library template : VM_global_library.vm
2019-11-08 18:17:01,186 - ResourceManager : unable to find resource 'VM_global_library.vm' in any resource loader.
2019-11-08 18:17:01,186 - Velocimacro : error using  VM library template VM_global_library.vm : org.apache.velocity.exception.ResourceNotFoundException: Unable to find resource 'VM_global_library.vm'
2019-11-08 18:17:01,186 - Velocimacro :  VM library template macro registration complete.
2019-11-08 18:17:01,186 - Velocimacro : allowInline = true : VMs can be defined inline in templates
2019-11-08 18:17:01,186 - Velocimacro : allowInlineToOverride = false : VMs defined inline may NOT replace previous VM definitions
2019-11-08 18:17:01,186 - Velocimacro : allowInlineLocal = false : VMs defined inline will be  global in scope if allowed.
2019-11-08 18:17:01,186 - Velocimacro : messages on  : VM system will output logging messages
2019-11-08 18:17:01,186 - Velocimacro : autoload off  : VM system will not automatically reload global library macros
2019-11-08 18:17:01,186 - Velocimacro : initialization complete.
2019-11-08 18:17:01,186 - Velocity successfully started.
2019-11-08 18:18:14,725 - SimpleLog4JLogSystem initialized using logfile 'velocity.log'
2019-11-08 18:18:14,726 - ************************************************************** 
2019-11-08 18:18:14,726 - Starting Jakarta Velocity v1.4
2019-11-08 18:18:14,726 - RuntimeInstance initializing.
2019-11-08 18:18:14,726 - Default Properties File: org/apache/velocity/runtime/defaults/velocity.properties
2019-11-08 18:18:14,726 - Trying to use logger class org.apache.velocity.runtime.log.SimpleLog4JLogSystem
2019-11-08 18:18:14,726 - Using logger class org.apache.velocity.runtime.log.SimpleLog4JLogSystem
2019-11-08 18:18:14,727 - Default ResourceManager initializing. (class org.apache.velocity.runtime.resource.ResourceManagerImpl)
2019-11-08 18:18:14,727 - Resource Loader Instantiated: org.apache.velocity.runtime.resource.loader.ClasspathResourceLoader
2019-11-08 18:18:14,728 - ClasspathResourceLoader : initialization starting.
2019-11-08 18:18:14,728 - ClasspathResourceLoader : initialization complete.
2019-11-08 18:18:14,728 - ResourceCache : initialized. (class org.apache.velocity.runtime.resource.ResourceCacheImpl)
2019-11-08 18:18:14,728 - Default ResourceManager initialization complete.
2019-11-08 18:18:14,729 - Loaded System Directive: org.apache.velocity.runtime.directive.Literal
2019-11-08 18:18:14,729 - Loaded System Directive: org.apache.velocity.runtime.directive.Macro
2019-11-08 18:18:14,730 - Loaded System Directive: org.apache.velocity.runtime.directive.Parse
2019-11-08 18:18:14,731 - Loaded System Directive: org.apache.velocity.runtime.directive.Include
2019-11-08 18:18:14,731 - Loaded System Directive: org.apache.velocity.runtime.directive.Foreach
2019-11-08 18:18:14,746 - Created: 20 parsers.
2019-11-08 18:18:14,748 - Velocimacro : initialization starting.
2019-11-08 18:18:14,749 - Velocimacro : adding VMs from VM library template : VM_global_library.vm
2019-11-08 18:18:14,750 - ResourceManager : unable to find resource 'VM_global_library.vm' in any resource loader.
2019-11-08 18:18:14,750 - Velocimacro : error using  VM library template VM_global_library.vm : org.apache.velocity.exception.ResourceNotFoundException: Unable to find resource 'VM_global_library.vm'
2019-11-08 18:18:14,750 - Velocimacro :  VM library template macro registration complete.
2019-11-08 18:18:14,750 - Velocimacro : allowInline = true : VMs can be defined inline in templates
2019-11-08 18:18:14,750 - Velocimacro : allowInlineToOverride = false : VMs defined inline may NOT replace previous VM definitions
2019-11-08 18:18:14,750 - Velocimacro : allowInlineLocal = false : VMs defined inline will be  global in scope if allowed.
2019-11-08 18:18:14,750 - Velocimacro : messages on  : VM system will output logging messages
2019-11-08 18:18:14,750 - Velocimacro : autoload off  : VM system will not automatically reload global library macros
2019-11-08 18:18:14,750 - Velocimacro : initialization complete.
2019-11-08 18:18:14,750 - Velocity successfully started.
2019-11-08 18:31:58,620 - SimpleLog4JLogSystem initialized using logfile 'velocity.log'
2019-11-08 18:31:58,621 - ************************************************************** 
2019-11-08 18:31:58,621 - Starting Jakarta Velocity v1.4
2019-11-08 18:31:58,621 - RuntimeInstance initializing.
2019-11-08 18:31:58,621 - Default Properties File: org/apache/velocity/runtime/defaults/velocity.properties
2019-11-08 18:31:58,621 - Trying to use logger class org.apache.velocity.runtime.log.SimpleLog4JLogSystem
2019-11-08 18:31:58,621 - Using logger class org.apache.velocity.runtime.log.SimpleLog4JLogSystem
2019-11-08 18:31:58,622 - Default ResourceManager initializing. (class org.apache.velocity.runtime.resource.ResourceManagerImpl)
2019-11-08 18:31:58,624 - Resource Loader Instantiated: org.apache.velocity.runtime.resource.loader.ClasspathResourceLoader
2019-11-08 18:31:58,624 - ClasspathResourceLoader : initialization starting.
2019-11-08 18:31:58,624 - ClasspathResourceLoader : initialization complete.
2019-11-08 18:31:58,626 - ResourceCache : initialized. (class org.apache.velocity.runtime.resource.ResourceCacheImpl)
2019-11-08 18:31:58,626 - Default ResourceManager initialization complete.
2019-11-08 18:31:58,627 - Loaded System Directive: org.apache.velocity.runtime.directive.Literal
2019-11-08 18:31:58,628 - Loaded System Directive: org.apache.velocity.runtime.directive.Macro
2019-11-08 18:31:58,629 - Loaded System Directive: org.apache.velocity.runtime.directive.Parse
2019-11-08 18:31:58,631 - Loaded System Directive: org.apache.velocity.runtime.directive.Include
2019-11-08 18:31:58,632 - Loaded System Directive: org.apache.velocity.runtime.directive.Foreach
2019-11-08 18:31:58,654 - Created: 20 parsers.
2019-11-08 18:31:58,657 - Velocimacro : initialization starting.
2019-11-08 18:31:58,657 - Velocimacro : adding VMs from VM library template : VM_global_library.vm
2019-11-08 18:31:58,660 - ResourceManager : unable to find resource 'VM_global_library.vm' in any resource loader.
2019-11-08 18:31:58,660 - Velocimacro : error using  VM library template VM_global_library.vm : org.apache.velocity.exception.ResourceNotFoundException: Unable to find resource 'VM_global_library.vm'
2019-11-08 18:31:58,660 - Velocimacro :  VM library template macro registration complete.
2019-11-08 18:31:58,660 - Velocimacro : allowInline = true : VMs can be defined inline in templates
2019-11-08 18:31:58,660 - Velocimacro : allowInlineToOverride = false : VMs defined inline may NOT replace previous VM definitions
2019-11-08 18:31:58,660 - Velocimacro : allowInlineLocal = false : VMs defined inline will be  global in scope if allowed.
2019-11-08 18:31:58,660 - Velocimacro : messages on  : VM system will output logging messages
2019-11-08 18:31:58,660 - Velocimacro : autoload off  : VM system will not automatically reload global library macros
2019-11-08 18:31:58,660 - Velocimacro : initialization complete.
2019-11-08 18:31:58,660 - Velocity successfully started.
2019-11-08 18:32:50,841 - SimpleLog4JLogSystem initialized using logfile 'velocity.log'
2019-11-08 18:32:50,841 - ************************************************************** 
2019-11-08 18:32:50,841 - Starting Jakarta Velocity v1.4
2019-11-08 18:32:50,841 - RuntimeInstance initializing.
2019-11-08 18:32:50,841 - Default Properties File: org/apache/velocity/runtime/defaults/velocity.properties
2019-11-08 18:32:50,841 - Trying to use logger class org.apache.velocity.runtime.log.SimpleLog4JLogSystem
2019-11-08 18:32:50,841 - Using logger class org.apache.velocity.runtime.log.SimpleLog4JLogSystem
2019-11-08 18:32:50,844 - Default ResourceManager initializing. (class org.apache.velocity.runtime.resource.ResourceManagerImpl)
2019-11-08 18:32:50,845 - Resource Loader Instantiated: org.apache.velocity.runtime.resource.loader.ClasspathResourceLoader
2019-11-08 18:32:50,845 - ClasspathResourceLoader : initialization starting.
2019-11-08 18:32:50,845 - ClasspathResourceLoader : initialization complete.
2019-11-08 18:32:50,846 - ResourceCache : initialized. (class org.apache.velocity.runtime.resource.ResourceCacheImpl)
2019-11-08 18:32:50,846 - Default ResourceManager initialization complete.
2019-11-08 18:32:50,847 - Loaded System Directive: org.apache.velocity.runtime.directive.Literal
2019-11-08 18:32:50,848 - Loaded System Directive: org.apache.velocity.runtime.directive.Macro
2019-11-08 18:32:50,849 - Loaded System Directive: org.apache.velocity.runtime.directive.Parse
2019-11-08 18:32:50,849 - Loaded System Directive: org.apache.velocity.runtime.directive.Include
2019-11-08 18:32:50,850 - Loaded System Directive: org.apache.velocity.runtime.directive.Foreach
2019-11-08 18:32:50,866 - Created: 20 parsers.
2019-11-08 18:32:50,868 - Velocimacro : initialization starting.
2019-11-08 18:32:50,868 - Velocimacro : adding VMs from VM library template : VM_global_library.vm
2019-11-08 18:32:50,869 - ResourceManager : unable to find resource 'VM_global_library.vm' in any resource loader.
2019-11-08 18:32:50,869 - Velocimacro : error using  VM library template VM_global_library.vm : org.apache.velocity.exception.ResourceNotFoundException: Unable to find resource 'VM_global_library.vm'
2019-11-08 18:32:50,869 - Velocimacro :  VM library template macro registration complete.
2019-11-08 18:32:50,869 - Velocimacro : allowInline = true : VMs can be defined inline in templates
2019-11-08 18:32:50,869 - Velocimacro : allowInlineToOverride = false : VMs defined inline may NOT replace previous VM definitions
2019-11-08 18:32:50,870 - Velocimacro : allowInlineLocal = false : VMs defined inline will be  global in scope if allowed.
2019-11-08 18:32:50,870 - Velocimacro : messages on  : VM system will output logging messages
2019-11-08 18:32:50,870 - Velocimacro : autoload off  : VM system will not automatically reload global library macros
2019-11-08 18:32:50,870 - Velocimacro : initialization complete.
2019-11-08 18:32:50,870 - Velocity successfully started.
2019-11-08 18:35:11,364 - SimpleLog4JLogSystem initialized using logfile 'velocity.log'
2019-11-08 18:35:11,364 - ************************************************************** 
2019-11-08 18:35:11,364 - Starting Jakarta Velocity v1.4
2019-11-08 18:35:11,364 - RuntimeInstance initializing.
2019-11-08 18:35:11,364 - Default Properties File: org/apache/velocity/runtime/defaults/velocity.properties
2019-11-08 18:35:11,364 - Trying to use logger class org.apache.velocity.runtime.log.SimpleLog4JLogSystem
2019-11-08 18:35:11,364 - Using logger class org.apache.velocity.runtime.log.SimpleLog4JLogSystem
2019-11-08 18:35:11,366 - Default ResourceManager initializing. (class org.apache.velocity.runtime.resource.ResourceManagerImpl)
2019-11-08 18:35:11,368 - Resource Loader Instantiated: org.apache.velocity.runtime.resource.loader.ClasspathResourceLoader
2019-11-08 18:35:11,368 - ClasspathResourceLoader : initialization starting.
2019-11-08 18:35:11,368 - ClasspathResourceLoader : initialization complete.
2019-11-08 18:35:11,369 - ResourceCache : initialized. (class org.apache.velocity.runtime.resource.ResourceCacheImpl)
2019-11-08 18:35:11,369 - Default ResourceManager initialization complete.
2019-11-08 18:35:11,370 - Loaded System Directive: org.apache.velocity.runtime.directive.Literal
2019-11-08 18:35:11,372 - Loaded System Directive: org.apache.velocity.runtime.directive.Macro
2019-11-08 18:35:11,373 - Loaded System Directive: org.apache.velocity.runtime.directive.Parse
2019-11-08 18:35:11,374 - Loaded System Directive: org.apache.velocity.runtime.directive.Include
2019-11-08 18:35:11,375 - Loaded System Directive: org.apache.velocity.runtime.directive.Foreach
2019-11-08 18:35:11,392 - Created: 20 parsers.
2019-11-08 18:35:11,395 - Velocimacro : initialization starting.
2019-11-08 18:35:11,395 - Velocimacro : adding VMs from VM library template : VM_global_library.vm
2019-11-08 18:35:11,396 - ResourceManager : unable to find resource 'VM_global_library.vm' in any resource loader.
2019-11-08 18:35:11,396 - Velocimacro : error using  VM library template VM_global_library.vm : org.apache.velocity.exception.ResourceNotFoundException: Unable to find resource 'VM_global_library.vm'
2019-11-08 18:35:11,396 - Velocimacro :  VM library template macro registration complete.
2019-11-08 18:35:11,396 - Velocimacro : allowInline = true : VMs can be defined inline in templates
2019-11-08 18:35:11,396 - Velocimacro : allowInlineToOverride = false : VMs defined inline may NOT replace previous VM definitions
2019-11-08 18:35:11,396 - Velocimacro : allowInlineLocal = false : VMs defined inline will be  global in scope if allowed.
2019-11-08 18:35:11,396 - Velocimacro : messages on  : VM system will output logging messages
2019-11-08 18:35:11,396 - Velocimacro : autoload off  : VM system will not automatically reload global library macros
2019-11-08 18:35:11,396 - Velocimacro : initialization complete.
2019-11-08 18:35:11,396 - Velocity successfully started.
2019-11-08 18:36:33,960 - SimpleLog4JLogSystem initialized using logfile 'velocity.log'
2019-11-08 18:36:33,960 - ************************************************************** 
2019-11-08 18:36:33,960 - Starting Jakarta Velocity v1.4
2019-11-08 18:36:33,960 - RuntimeInstance initializing.
2019-11-08 18:36:33,960 - Default Properties File: org/apache/velocity/runtime/defaults/velocity.properties
2019-11-08 18:36:33,960 - Trying to use logger class org.apache.velocity.runtime.log.SimpleLog4JLogSystem
2019-11-08 18:36:33,960 - Using logger class org.apache.velocity.runtime.log.SimpleLog4JLogSystem
2019-11-08 18:36:33,961 - Default ResourceManager initializing. (class org.apache.velocity.runtime.resource.ResourceManagerImpl)
2019-11-08 18:36:33,962 - Resource Loader Instantiated: org.apache.velocity.runtime.resource.loader.ClasspathResourceLoader
2019-11-08 18:36:33,962 - ClasspathResourceLoader : initialization starting.
2019-11-08 18:36:33,962 - ClasspathResourceLoader : initialization complete.
2019-11-08 18:36:33,963 - ResourceCache : initialized. (class org.apache.velocity.runtime.resource.ResourceCacheImpl)
2019-11-08 18:36:33,963 - Default ResourceManager initialization complete.
2019-11-08 18:36:33,963 - Loaded System Directive: org.apache.velocity.runtime.directive.Literal
2019-11-08 18:36:33,964 - Loaded System Directive: org.apache.velocity.runtime.directive.Macro
2019-11-08 18:36:33,964 - Loaded System Directive: org.apache.velocity.runtime.directive.Parse
2019-11-08 18:36:33,965 - Loaded System Directive: org.apache.velocity.runtime.directive.Include
2019-11-08 18:36:33,965 - Loaded System Directive: org.apache.velocity.runtime.directive.Foreach
2019-11-08 18:36:33,979 - Created: 20 parsers.
2019-11-08 18:36:33,982 - Velocimacro : initialization starting.
2019-11-08 18:36:33,982 - Velocimacro : adding VMs from VM library template : VM_global_library.vm
2019-11-08 18:36:33,983 - ResourceManager : unable to find resource 'VM_global_library.vm' in any resource loader.
2019-11-08 18:36:33,983 - Velocimacro : error using  VM library template VM_global_library.vm : org.apache.velocity.exception.ResourceNotFoundException: Unable to find resource 'VM_global_library.vm'
2019-11-08 18:36:33,983 - Velocimacro :  VM library template macro registration complete.
2019-11-08 18:36:33,983 - Velocimacro : allowInline = true : VMs can be defined inline in templates
2019-11-08 18:36:33,983 - Velocimacro : allowInlineToOverride = false : VMs defined inline may NOT replace previous VM definitions
2019-11-08 18:36:33,983 - Velocimacro : allowInlineLocal = false : VMs defined inline will be  global in scope if allowed.
2019-11-08 18:36:33,983 - Velocimacro : messages on  : VM system will output logging messages
2019-11-08 18:36:33,983 - Velocimacro : autoload off  : VM system will not automatically reload global library macros
2019-11-08 18:36:33,983 - Velocimacro : initialization complete.
2019-11-08 18:36:33,983 - Velocity successfully started.
2019-11-08 18:42:56,918 - SimpleLog4JLogSystem initialized using logfile 'velocity.log'
2019-11-08 18:42:56,919 - ************************************************************** 
2019-11-08 18:42:56,919 - Starting Jakarta Velocity v1.4
2019-11-08 18:42:56,919 - RuntimeInstance initializing.
2019-11-08 18:42:56,919 - Default Properties File: org/apache/velocity/runtime/defaults/velocity.properties
2019-11-08 18:42:56,919 - Trying to use logger class org.apache.velocity.runtime.log.SimpleLog4JLogSystem
2019-11-08 18:42:56,919 - Using logger class org.apache.velocity.runtime.log.SimpleLog4JLogSystem
2019-11-08 18:42:56,920 - Default ResourceManager initializing. (class org.apache.velocity.runtime.resource.ResourceManagerImpl)
2019-11-08 18:42:56,920 - Resource Loader Instantiated: org.apache.velocity.runtime.resource.loader.ClasspathResourceLoader
2019-11-08 18:42:56,921 - ClasspathResourceLoader : initialization starting.
2019-11-08 18:42:56,921 - ClasspathResourceLoader : initialization complete.
2019-11-08 18:42:56,921 - ResourceCache : initialized. (class org.apache.velocity.runtime.resource.ResourceCacheImpl)
2019-11-08 18:42:56,921 - Default ResourceManager initialization complete.
2019-11-08 18:42:56,922 - Loaded System Directive: org.apache.velocity.runtime.directive.Literal
2019-11-08 18:42:56,922 - Loaded System Directive: org.apache.velocity.runtime.directive.Macro
2019-11-08 18:42:56,923 - Loaded System Directive: org.apache.velocity.runtime.directive.Parse
2019-11-08 18:42:56,924 - Loaded System Directive: org.apache.velocity.runtime.directive.Include
2019-11-08 18:42:56,924 - Loaded System Directive: org.apache.velocity.runtime.directive.Foreach
2019-11-08 18:42:56,937 - Created: 20 parsers.
2019-11-08 18:42:56,939 - Velocimacro : initialization starting.
2019-11-08 18:42:56,939 - Velocimacro : adding VMs from VM library template : VM_global_library.vm
2019-11-08 18:42:56,940 - ResourceManager : unable to find resource 'VM_global_library.vm' in any resource loader.
2019-11-08 18:42:56,940 - Velocimacro : error using  VM library template VM_global_library.vm : org.apache.velocity.exception.ResourceNotFoundException: Unable to find resource 'VM_global_library.vm'
2019-11-08 18:42:56,940 - Velocimacro :  VM library template macro registration complete.
2019-11-08 18:42:56,940 - Velocimacro : allowInline = true : VMs can be defined inline in templates
2019-11-08 18:42:56,940 - Velocimacro : allowInlineToOverride = false : VMs defined inline may NOT replace previous VM definitions
2019-11-08 18:42:56,940 - Velocimacro : allowInlineLocal = false : VMs defined inline will be  global in scope if allowed.
2019-11-08 18:42:56,940 - Velocimacro : messages on  : VM system will output logging messages
2019-11-08 18:42:56,940 - Velocimacro : autoload off  : VM system will not automatically reload global library macros
2019-11-08 18:42:56,940 - Velocimacro : initialization complete.
2019-11-08 18:42:56,940 - Velocity successfully started.
2019-11-08 18:46:30,081 - SimpleLog4JLogSystem initialized using logfile 'velocity.log'
2019-11-08 18:46:30,081 - ************************************************************** 
2019-11-08 18:46:30,081 - Starting Jakarta Velocity v1.4
2019-11-08 18:46:30,081 - RuntimeInstance initializing.
2019-11-08 18:46:30,081 - Default Properties File: org/apache/velocity/runtime/defaults/velocity.properties
2019-11-08 18:46:30,081 - Trying to use logger class org.apache.velocity.runtime.log.SimpleLog4JLogSystem
2019-11-08 18:46:30,081 - Using logger class org.apache.velocity.runtime.log.SimpleLog4JLogSystem
2019-11-08 18:46:30,084 - Default ResourceManager initializing. (class org.apache.velocity.runtime.resource.ResourceManagerImpl)
2019-11-08 18:46:30,086 - Resource Loader Instantiated: org.apache.velocity.runtime.resource.loader.ClasspathResourceLoader
2019-11-08 18:46:30,086 - ClasspathResourceLoader : initialization starting.
2019-11-08 18:46:30,086 - ClasspathResourceLoader : initialization complete.
2019-11-08 18:46:30,088 - ResourceCache : initialized. (class org.apache.velocity.runtime.resource.ResourceCacheImpl)
2019-11-08 18:46:30,088 - Default ResourceManager initialization complete.
2019-11-08 18:46:30,089 - Loaded System Directive: org.apache.velocity.runtime.directive.Literal
2019-11-08 18:46:30,090 - Loaded System Directive: org.apache.velocity.runtime.directive.Macro
2019-11-08 18:46:30,092 - Loaded System Directive: org.apache.velocity.runtime.directive.Parse
2019-11-08 18:46:30,094 - Loaded System Directive: org.apache.velocity.runtime.directive.Include
2019-11-08 18:46:30,095 - Loaded System Directive: org.apache.velocity.runtime.directive.Foreach
2019-11-08 18:46:30,127 - Created: 20 parsers.
2019-11-08 18:46:30,132 - Velocimacro : initialization starting.
2019-11-08 18:46:30,132 - Velocimacro : adding VMs from VM library template : VM_global_library.vm
2019-11-08 18:46:30,134 - ResourceManager : unable to find resource 'VM_global_library.vm' in any resource loader.
2019-11-08 18:46:30,134 - Velocimacro : error using  VM library template VM_global_library.vm : org.apache.velocity.exception.ResourceNotFoundException: Unable to find resource 'VM_global_library.vm'
2019-11-08 18:46:30,134 - Velocimacro :  VM library template macro registration complete.
2019-11-08 18:46:30,134 - Velocimacro : allowInline = true : VMs can be defined inline in templates
2019-11-08 18:46:30,134 - Velocimacro : allowInlineToOverride = false : VMs defined inline may NOT replace previous VM definitions
2019-11-08 18:46:30,134 - Velocimacro : allowInlineLocal = false : VMs defined inline will be  global in scope if allowed.
2019-11-08 18:46:30,134 - Velocimacro : messages on  : VM system will output logging messages
2019-11-08 18:46:30,134 - Velocimacro : autoload off  : VM system will not automatically reload global library macros
2019-11-08 18:46:30,134 - Velocimacro : initialization complete.
2019-11-08 18:46:30,134 - Velocity successfully started.
